{"environment":"development","level":"info","message":"TSS Coordinator Node started","port":8000,"service":"tss-coordinator","startTime":"2025-05-09T07:48:28.026Z","timestamp":"2025-05-09T07:48:28.027Z"}
{"level":"info","message":"Connected to Redis","service":"tss-coordinator","timestamp":"2025-05-09T07:48:28.029Z"}
{"ip":"::ffff:127.0.0.1","level":"info","message":"Request received","method":"POST","path":"/signupkeygen","requestId":"46363e13-ad5d-407f-86a0-fd82e0b229dd","service":"tss-coordinator","timestamp":"2025-05-09T07:48:34.174Z"}
{"level":"info","message":"Found params.json at /Users/thantsintoe/projects/tss-wasm/params.json","service":"tss-coordinator","timestamp":"2025-05-09T07:48:34.179Z"}
{"level":"info","message":"Read params.json successfully","params":{"parties":3},"service":"tss-coordinator","timestamp":"2025-05-09T07:48:34.179Z"}
{"ip":"::ffff:127.0.0.1","level":"info","message":"Request received","method":"POST","path":"/signupkeygen","requestId":"2a18d327-9d17-40f8-acab-c49ecd3a7630","service":"tss-coordinator","timestamp":"2025-05-09T07:48:34.180Z"}
{"level":"info","message":"Found params.json at /Users/thantsintoe/projects/tss-wasm/params.json","service":"tss-coordinator","timestamp":"2025-05-09T07:48:34.181Z"}
{"level":"info","message":"Read params.json successfully","params":{"parties":3},"service":"tss-coordinator","timestamp":"2025-05-09T07:48:34.181Z"}
{"ip":"::ffff:127.0.0.1","level":"info","message":"Request received","method":"POST","path":"/signupkeygen","requestId":"fb56bb1e-6dda-4777-bcc2-762792e8b5c9","service":"tss-coordinator","timestamp":"2025-05-09T07:48:34.181Z"}
{"level":"info","message":"Found params.json at /Users/thantsintoe/projects/tss-wasm/params.json","service":"tss-coordinator","timestamp":"2025-05-09T07:48:34.182Z"}
{"level":"info","message":"Read params.json successfully","params":{"parties":3},"service":"tss-coordinator","timestamp":"2025-05-09T07:48:34.182Z"}
{"key":"signup-keygen","level":"debug","message":"Signup state saved","service":"tss-coordinator","timestamp":"2025-05-09T07:48:34.183Z","value":{"number":2,"uuid":"9de6d37a-f5e0-42d7-9769-a671168ead21"}}
{"key":"signup-keygen","level":"debug","message":"Signup state saved","service":"tss-coordinator","timestamp":"2025-05-09T07:48:34.183Z","value":{"number":2,"uuid":"9de6d37a-f5e0-42d7-9769-a671168ead21"}}
{"key":"signup-keygen","level":"debug","message":"Signup state saved","service":"tss-coordinator","timestamp":"2025-05-09T07:48:34.183Z","value":{"number":2,"uuid":"9de6d37a-f5e0-42d7-9769-a671168ead21"}}
{"level":"info","message":"Returning party signup","partySignup":{"number":2,"uuid":"9de6d37a-f5e0-42d7-9769-a671168ead21"},"service":"tss-coordinator","timestamp":"2025-05-09T07:48:34.183Z"}
{"level":"info","message":"Returning party signup","partySignup":{"number":2,"uuid":"9de6d37a-f5e0-42d7-9769-a671168ead21"},"service":"tss-coordinator","timestamp":"2025-05-09T07:48:34.185Z"}
{"level":"info","message":"Returning party signup","partySignup":{"number":2,"uuid":"9de6d37a-f5e0-42d7-9769-a671168ead21"},"service":"tss-coordinator","timestamp":"2025-05-09T07:48:34.185Z"}
{"duration":12,"level":"info","message":"Request completed","method":"POST","path":"/signupkeygen","requestId":"46363e13-ad5d-407f-86a0-fd82e0b229dd","service":"tss-coordinator","statusCode":200,"timestamp":"2025-05-09T07:48:34.185Z"}
{"duration":5,"level":"info","message":"Request completed","method":"POST","path":"/signupkeygen","requestId":"2a18d327-9d17-40f8-acab-c49ecd3a7630","service":"tss-coordinator","statusCode":200,"timestamp":"2025-05-09T07:48:34.185Z"}
{"duration":5,"level":"info","message":"Request completed","method":"POST","path":"/signupkeygen","requestId":"fb56bb1e-6dda-4777-bcc2-762792e8b5c9","service":"tss-coordinator","statusCode":200,"timestamp":"2025-05-09T07:48:34.186Z"}
{"ip":"::ffff:127.0.0.1","level":"info","message":"Request received","method":"POST","path":"/set","requestId":"8fda6b51-8ff9-45c8-b0ab-80026ffe7944","service":"tss-coordinator","timestamp":"2025-05-09T07:48:35.297Z"}
{"keys":{"fullKey":"2-round1-9de6d37a-f5e0-42d7-9769-a671168ead21","party":"2","random":"f5e0","round":"round1","timestamp":"9de6d37a","valueLength":8384},"level":"debug","message":"Message key received - TSS_KEYS","service":"tss-coordinator","timestamp":1746776915299,"tssKeyDebug":true}
{"key":"2-round1-9de6d37a-f5e0-42d7-9769-a671168ead21","level":"debug","message":"Setting message","service":"tss-coordinator","timestamp":"2025-05-09T07:48:35.299Z"}
{"key":"2-round1-9de6d37a-f5e0-42d7-9769-a671168ead21","level":"debug","message":"Message set without session","service":"tss-coordinator","timestamp":"2025-05-09T07:48:35.300Z"}
{"key":"2-round1-9de6d37a-f5e0-42d7-9769-a671168ead21","level":"debug","message":"Message set successfully","service":"tss-coordinator","timestamp":"2025-05-09T07:48:35.300Z"}
{"duration":4,"level":"info","message":"Request completed","method":"POST","path":"/set","requestId":"8fda6b51-8ff9-45c8-b0ab-80026ffe7944","service":"tss-coordinator","statusCode":200,"timestamp":"2025-05-09T07:48:35.300Z"}
{"ip":"::ffff:127.0.0.1","level":"info","message":"Request received","method":"POST","path":"/set","requestId":"acd78da2-001e-44ab-bc12-89ebccc570d2","service":"tss-coordinator","timestamp":"2025-05-09T07:48:35.669Z"}
{"keys":{"fullKey":"2-round1-9de6d37a-f5e0-42d7-9769-a671168ead21","party":"2","random":"f5e0","round":"round1","timestamp":"9de6d37a","valueLength":8383},"level":"debug","message":"Message key received - TSS_KEYS","service":"tss-coordinator","timestamp":1746776915669,"tssKeyDebug":true}
{"key":"2-round1-9de6d37a-f5e0-42d7-9769-a671168ead21","level":"debug","message":"Setting message","service":"tss-coordinator","timestamp":"2025-05-09T07:48:35.669Z"}
{"key":"2-round1-9de6d37a-f5e0-42d7-9769-a671168ead21","level":"debug","message":"Message set without session","service":"tss-coordinator","timestamp":"2025-05-09T07:48:35.670Z"}
{"key":"2-round1-9de6d37a-f5e0-42d7-9769-a671168ead21","level":"debug","message":"Message set successfully","service":"tss-coordinator","timestamp":"2025-05-09T07:48:35.670Z"}
{"duration":1,"level":"info","message":"Request completed","method":"POST","path":"/set","requestId":"acd78da2-001e-44ab-bc12-89ebccc570d2","service":"tss-coordinator","statusCode":200,"timestamp":"2025-05-09T07:48:35.670Z"}
{"ip":"::ffff:127.0.0.1","level":"info","message":"Request received","method":"POST","path":"/get","requestId":"299dbd8b-6d15-4439-9099-cc61f19142af","service":"tss-coordinator","timestamp":"2025-05-09T07:48:35.670Z"}
{"ip":"::ffff:127.0.0.1","level":"info","message":"Request received","method":"POST","path":"/set","requestId":"be2b7400-d8cc-4d92-b231-9c3dd6e3a236","service":"tss-coordinator","timestamp":"2025-05-09T07:48:35.670Z"}
{"keys":{"fullKey":"2-round1-9de6d37a-f5e0-42d7-9769-a671168ead21","party":"2","random":"f5e0","round":"round1","timestamp":"9de6d37a","valueLength":8401},"level":"debug","message":"Message key received - TSS_KEYS","service":"tss-coordinator","timestamp":1746776915671,"tssKeyDebug":true}
{"key":"2-round1-9de6d37a-f5e0-42d7-9769-a671168ead21","level":"debug","message":"Setting message","service":"tss-coordinator","timestamp":"2025-05-09T07:48:35.671Z"}
{"key":"1-round1-9de6d37a-f5e0-42d7-9769-a671168ead21","level":"debug","message":"Message found with exact key","service":"tss-coordinator","timestamp":"2025-05-09T07:48:35.671Z"}
{"key":"1-round1-9de6d37a-f5e0-42d7-9769-a671168ead21","level":"debug","message":"Message retrieved successfully","service":"tss-coordinator","timestamp":"2025-05-09T07:48:35.671Z"}
{"duration":1,"level":"info","message":"Request completed","method":"POST","path":"/get","requestId":"299dbd8b-6d15-4439-9099-cc61f19142af","service":"tss-coordinator","statusCode":200,"timestamp":"2025-05-09T07:48:35.671Z"}
{"key":"2-round1-9de6d37a-f5e0-42d7-9769-a671168ead21","level":"debug","message":"Message set without session","service":"tss-coordinator","timestamp":"2025-05-09T07:48:35.671Z"}
{"key":"2-round1-9de6d37a-f5e0-42d7-9769-a671168ead21","level":"debug","message":"Message set successfully","service":"tss-coordinator","timestamp":"2025-05-09T07:48:35.671Z"}
{"duration":1,"level":"info","message":"Request completed","method":"POST","path":"/set","requestId":"be2b7400-d8cc-4d92-b231-9c3dd6e3a236","service":"tss-coordinator","statusCode":200,"timestamp":"2025-05-09T07:48:35.671Z"}
{"ip":"::ffff:127.0.0.1","level":"info","message":"Request received","method":"POST","path":"/get","requestId":"ab52df63-1b78-4bb9-a4ff-90be3487d181","service":"tss-coordinator","timestamp":"2025-05-09T07:48:35.672Z"}
{"key":"1-round1-9de6d37a-f5e0-42d7-9769-a671168ead21","level":"debug","message":"Message found with exact key","service":"tss-coordinator","timestamp":"2025-05-09T07:48:35.672Z"}
{"key":"1-round1-9de6d37a-f5e0-42d7-9769-a671168ead21","level":"debug","message":"Message retrieved successfully","service":"tss-coordinator","timestamp":"2025-05-09T07:48:35.672Z"}
{"duration":1,"level":"info","message":"Request completed","method":"POST","path":"/get","requestId":"ab52df63-1b78-4bb9-a4ff-90be3487d181","service":"tss-coordinator","statusCode":200,"timestamp":"2025-05-09T07:48:35.673Z"}
{"ip":"::ffff:127.0.0.1","level":"info","message":"Request received","method":"POST","path":"/get","requestId":"be85fbfd-7c43-4556-a039-2eddebfd281f","service":"tss-coordinator","timestamp":"2025-05-09T07:48:35.675Z"}
{"key":"3-round1-9de6d37a-f5e0-42d7-9769-a671168ead21","level":"debug","message":"Message not found with exact key","service":"tss-coordinator","timestamp":"2025-05-09T07:48:35.675Z"}
{"environment":"development","level":"info","message":"TSS Coordinator Node started","port":8000,"service":"tss-coordinator","startTime":"2025-05-09T07:49:18.490Z","timestamp":"2025-05-09T07:49:18.491Z"}
{"level":"info","message":"Connected to Redis","service":"tss-coordinator","timestamp":"2025-05-09T07:49:18.493Z"}
{"environment":"development","level":"info","message":"TSS Coordinator Node started","port":8000,"service":"tss-coordinator","startTime":"2025-05-09T07:49:59.259Z","timestamp":"2025-05-09T07:49:59.260Z"}
{"level":"info","message":"Connected to Redis","service":"tss-coordinator","timestamp":"2025-05-09T07:49:59.262Z"}
